<?xml version="1.0" encoding="UTF-8" ?>
<testsuite tests="73" failures="0" name="es.iam.check.analisisDespliegues.integracionChequeos.artefacto.ChequeoArchivosNoPermitidosEARIntegrationTest" time="9.511" errors="0" skipped="0">
  <properties>
    <property name="java.runtime.name" value="Java(TM) SE Runtime Environment"/>
    <property name="sun.boot.library.path" value="C:\Program Files\Java\jdk1.8.0_144\jre\bin"/>
    <property name="java.vm.version" value="25.144-b01"/>
    <property name="java.vm.vendor" value="Oracle Corporation"/>
    <property name="maven.multiModuleProjectDirectory" value="C:\Program Files (x86)\Jenkins\workspace\Check_Maven"/>
    <property name="java.vendor.url" value="http://java.oracle.com/"/>
    <property name="path.separator" value=";"/>
    <property name="guice.disable.misplaced.annotation.check" value="true"/>
    <property name="java.vm.name" value="Java HotSpot(TM) 64-Bit Server VM"/>
    <property name="file.encoding.pkg" value="sun.io"/>
    <property name="user.script" value=""/>
    <property name="user.country" value="ES"/>
    <property name="sun.java.launcher" value="SUN_STANDARD"/>
    <property name="sun.os.patch.level" value=""/>
    <property name="java.vm.specification.name" value="Java Virtual Machine Specification"/>
    <property name="user.dir" value="C:\Program Files (x86)\Jenkins\workspace\Check_Maven"/>
    <property name="java.runtime.version" value="1.8.0_144-b01"/>
    <property name="java.awt.graphicsenv" value="sun.awt.Win32GraphicsEnvironment"/>
    <property name="java.endorsed.dirs" value="C:\Program Files\Java\jdk1.8.0_144\jre\lib\endorsed"/>
    <property name="os.arch" value="amd64"/>
    <property name="java.io.tmpdir" value="C:\Windows\TEMP\"/>
    <property name="line.separator" value="
"/>
    <property name="java.vm.specification.vendor" value="Oracle Corporation"/>
    <property name="user.variant" value=""/>
    <property name="os.name" value="Windows 10"/>
    <property name="classworlds.conf" value="C:\Software\apache-maven-3.5.0\bin\..\bin\m2.conf"/>
    <property name="sun.jnu.encoding" value="Cp1252"/>
    <property name="java.library.path" value="C:\Program Files\Java\jdk1.8.0_144\bin;C:\Windows\Sun\Java\bin;C:\Windows\system32;C:\Windows;C:\ProgramData\Oracle\Java\javapath;C:\Program Files (x86)\Intel\iCLS Client\;C:\Program Files\Intel\iCLS Client\;C:\Windows\system32;C:\Windows;C:\Windows\System32\Wbem;C:\Windows\System32\WindowsPowerShell\v1.0\;C:\Program Files (x86)\Intel\Intel(R) Management Engine Components\DAL;C:\Program Files\Intel\Intel(R) Management Engine Components\DAL;C:\Program Files (x86)\Intel\Intel(R) Management Engine Components\IPT;C:\Program Files\Intel\Intel(R) Management Engine Components\IPT;C:\Software\apache-maven-3.5.0\bin;C:\Program Files\Git\cmd;C:\Program Files\Git\mingw64\bin;C:\Program Files\Git\usr\bin;C:\Program Files\Java\jdk1.8.0_144\bin;C:\Program Files\Java\jre1.8.0_144\bin;C:\Windows\system32\config\systemprofile\AppData\Local\Microsoft\WindowsApps;."/>
    <property name="maven.conf" value="C:\Software\apache-maven-3.5.0\bin\../conf"/>
    <property name="java.specification.name" value="Java Platform API Specification"/>
    <property name="java.class.version" value="52.0"/>
    <property name="sun.management.compiler" value="HotSpot 64-Bit Tiered Compilers"/>
    <property name="os.version" value="10.0"/>
    <property name="library.jansi.path" value="C:\Software\apache-maven-3.5.0\bin\..\lib\jansi-native\windows64"/>
    <property name="user.home" value="C:\Windows\system32\config\systemprofile"/>
    <property name="user.timezone" value="Europe/Paris"/>
    <property name="java.awt.printerjob" value="sun.awt.windows.WPrinterJob"/>
    <property name="java.specification.version" value="1.8"/>
    <property name="file.encoding" value="Cp1252"/>
    <property name="user.name" value="ESBCN01LGL0F3G2$"/>
    <property name="java.class.path" value="C:\Software\apache-maven-3.5.0\bin\..\boot\plexus-classworlds-2.5.2.jar"/>
    <property name="java.vm.specification.version" value="1.8"/>
    <property name="sun.arch.data.model" value="64"/>
    <property name="java.home" value="C:\Program Files\Java\jdk1.8.0_144\jre"/>
    <property name="sun.java.command" value="org.codehaus.plexus.classworlds.launcher.Launcher clean install"/>
    <property name="java.specification.vendor" value="Oracle Corporation"/>
    <property name="user.language" value="es"/>
    <property name="awt.toolkit" value="sun.awt.windows.WToolkit"/>
    <property name="java.vm.info" value="mixed mode"/>
    <property name="java.version" value="1.8.0_144"/>
    <property name="java.ext.dirs" value="C:\Program Files\Java\jdk1.8.0_144\jre\lib\ext;C:\Windows\Sun\Java\lib\ext"/>
    <property name="sun.boot.class.path" value="C:\Program Files\Java\jdk1.8.0_144\jre\lib\resources.jar;C:\Program Files\Java\jdk1.8.0_144\jre\lib\rt.jar;C:\Program Files\Java\jdk1.8.0_144\jre\lib\sunrsasign.jar;C:\Program Files\Java\jdk1.8.0_144\jre\lib\jsse.jar;C:\Program Files\Java\jdk1.8.0_144\jre\lib\jce.jar;C:\Program Files\Java\jdk1.8.0_144\jre\lib\charsets.jar;C:\Program Files\Java\jdk1.8.0_144\jre\lib\jfr.jar;C:\Program Files\Java\jdk1.8.0_144\jre\classes"/>
    <property name="java.vendor" value="Oracle Corporation"/>
    <property name="maven.home" value="C:\Software\apache-maven-3.5.0\bin\.."/>
    <property name="file.separator" value="\"/>
    <property name="java.vendor.url.bug" value="http://bugreport.sun.com/bugreport/"/>
    <property name="sun.cpu.endian" value="little"/>
    <property name="sun.io.unicode.encoding" value="UnicodeLittle"/>
    <property name="sun.desktop" value="windows"/>
    <property name="sun.cpu.isalist" value="amd64"/>
  </properties>
  <testcase classname="es.iam.check.analisisDespliegues.integracionChequeos.artefacto.ChequeoArchivosNoPermitidosEARIntegrationTest" name="detectarErrorExistenciaArchivoBAK_JBOSS" time="1.926"/>
  <testcase classname="es.iam.check.analisisDespliegues.integracionChequeos.artefacto.ChequeoArchivosNoPermitidosEARIntegrationTest" name="detectarErrorExistenciaArchivoDOC_JBOSS" time="0.338"/>
  <testcase classname="es.iam.check.analisisDespliegues.integracionChequeos.artefacto.ChequeoArchivosNoPermitidosEARIntegrationTest" name="detectarErrorExistenciaArchivoPDF_JBOSS" time="0.159"/>
  <testcase classname="es.iam.check.analisisDespliegues.integracionChequeos.artefacto.ChequeoArchivosNoPermitidosEARIntegrationTest" name="detectarErrorExistenciaArchivoJPEG_JBOSS" time="0.171"/>
  <testcase classname="es.iam.check.analisisDespliegues.integracionChequeos.artefacto.ChequeoArchivosNoPermitidosEARIntegrationTest" name="detectarErrorExistenciaArchivoHTM_WAS85" time="0.194"/>
  <testcase classname="es.iam.check.analisisDespliegues.integracionChequeos.artefacto.ChequeoArchivosNoPermitidosEARIntegrationTest" name="detectarErrorExistenciaArchivoJS_WAS85" time="0.162"/>
  <testcase classname="es.iam.check.analisisDespliegues.integracionChequeos.artefacto.ChequeoArchivosNoPermitidosEARIntegrationTest" name="detectarErrorExistenciaArchivoJPG_WAS85" time="0.13"/>
  <testcase classname="es.iam.check.analisisDespliegues.integracionChequeos.artefacto.ChequeoArchivosNoPermitidosEARIntegrationTest" name="detectarErrorExistenciaArchivoHIBERNATE_WAS85" time="0.127"/>
  <testcase classname="es.iam.check.analisisDespliegues.integracionChequeos.artefacto.ChequeoArchivosNoPermitidosEARIntegrationTest" name="detectarErrorExistenciaArchivoIMG_WAS85" time="0.131"/>
  <testcase classname="es.iam.check.analisisDespliegues.integracionChequeos.artefacto.ChequeoArchivosNoPermitidosEARIntegrationTest" name="detectarErrorExistenciaArchivoHTM_JBOSS" time="0.09"/>
  <testcase classname="es.iam.check.analisisDespliegues.integracionChequeos.artefacto.ChequeoArchivosNoPermitidosEARIntegrationTest" name="detectarErrorExistenciaArchivoCSS_JBOSS" time="0.116"/>
  <testcase classname="es.iam.check.analisisDespliegues.integracionChequeos.artefacto.ChequeoArchivosNoPermitidosEARIntegrationTest" name="detectarErrorExistenciaArchivoHTML_WAS85" time="0.123"/>
  <testcase classname="es.iam.check.analisisDespliegues.integracionChequeos.artefacto.ChequeoArchivosNoPermitidosEARIntegrationTest" name="detectarErrorExistenciaArchivoPDF_WAS85" time="0.116"/>
  <testcase classname="es.iam.check.analisisDespliegues.integracionChequeos.artefacto.ChequeoArchivosNoPermitidosEARIntegrationTest" name="detectarErrorExistenciaArchivoCSS_WAS85" time="0.111"/>
  <testcase classname="es.iam.check.analisisDespliegues.integracionChequeos.artefacto.ChequeoArchivosNoPermitidosEARIntegrationTest" name="detectarErrorExistenciaArchivoDesarollo_WAS85" time="0.193"/>
  <testcase classname="es.iam.check.analisisDespliegues.integracionChequeos.artefacto.ChequeoArchivosNoPermitidosEARIntegrationTest" name="detectarErrorExistenciaArchivoPNG_JBOSS" time="0.112"/>
  <testcase classname="es.iam.check.analisisDespliegues.integracionChequeos.artefacto.ChequeoArchivosNoPermitidosEARIntegrationTest" name="detectarErrorExistenciaArchivoHTML_JBOSS" time="0.097"/>
  <testcase classname="es.iam.check.analisisDespliegues.integracionChequeos.artefacto.ChequeoArchivosNoPermitidosEARIntegrationTest" name="detectarErrorExistenciaArchivoPRE_WAS85" time="0.119"/>
  <testcase classname="es.iam.check.analisisDespliegues.integracionChequeos.artefacto.ChequeoArchivosNoPermitidosEARIntegrationTest" name="detectarErrorExistenciaDirectorioSVN_WAS85" time="0.116"/>
  <testcase classname="es.iam.check.analisisDespliegues.integracionChequeos.artefacto.ChequeoArchivosNoPermitidosEARIntegrationTest" name="detectarErrorExistenciaArchivoJPEG_WAS85" time="0.101"/>
  <testcase classname="es.iam.check.analisisDespliegues.integracionChequeos.artefacto.ChequeoArchivosNoPermitidosEARIntegrationTest" name="detectarErrorExistenciaArchivoBAK_WAS85" time="0.119"/>
  <testcase classname="es.iam.check.analisisDespliegues.integracionChequeos.artefacto.ChequeoArchivosNoPermitidosEARIntegrationTest" name="detectarErrorExistenciaArchivoOLD_WAS85" time="0.097"/>
  <testcase classname="es.iam.check.analisisDespliegues.integracionChequeos.artefacto.ChequeoArchivosNoPermitidosEARIntegrationTest" name="detectarErrorExistenciaArchivoDOC_WAS85" time="0.118"/>
  <testcase classname="es.iam.check.analisisDespliegues.integracionChequeos.artefacto.ChequeoArchivosNoPermitidosEARIntegrationTest" name="detectarErrorExistenciaArchivoPRO_WAS85" time="0.09"/>
  <testcase classname="es.iam.check.analisisDespliegues.integracionChequeos.artefacto.ChequeoArchivosNoPermitidosEARIntegrationTest" name="detectarErrorExistenciaArchivoThumbsdb_WAS85" time="0.097"/>
  <testcase classname="es.iam.check.analisisDespliegues.integracionChequeos.artefacto.ChequeoArchivosNoPermitidosEARIntegrationTest" name="detectarErrorExistenciaDirectorioCVS_WAS85" time="0.105"/>
  <testcase classname="es.iam.check.analisisDespliegues.integracionChequeos.artefacto.ChequeoArchivosNoPermitidosEARIntegrationTest" name="detectarErrorExistenciaArchivoIndexDo_WAS85" time="0.085"/>
  <testcase classname="es.iam.check.analisisDespliegues.integracionChequeos.artefacto.ChequeoArchivosNoPermitidosEARIntegrationTest" name="detectarErrorExistenciaArchivoGIF_WAS85" time="0.113"/>
  <testcase classname="es.iam.check.analisisDespliegues.integracionChequeos.artefacto.ChequeoArchivosNoPermitidosEARIntegrationTest" name="detectarErrorExistenciaArchivoGIF_JBOSS" time="0.112"/>
  <testcase classname="es.iam.check.analisisDespliegues.integracionChequeos.artefacto.ChequeoArchivosNoPermitidosEARIntegrationTest" name="detectarErrorExistenciaArchivoPNG_WAS85" time="0.117"/>
  <testcase classname="es.iam.check.analisisDespliegues.integracionChequeos.artefacto.ChequeoArchivosNoPermitidosEARIntegrationTest" name="detectarErrorExistenciaArchivoJPG_JBOSS" time="0.173"/>
  <testcase classname="es.iam.check.analisisDespliegues.integracionChequeos.artefacto.ChequeoArchivosNoPermitidosEARIntegrationTest" name="detectarErrorExistenciaArchivoV1_WAS85" time="0.132"/>
  <testcase classname="es.iam.check.analisisDespliegues.integracionChequeos.artefacto.ChequeoArchivosNoPermitidosEARIntegrationTest" name="detectarErrorExistenciaArchivoIMG_JBOSS" time="0.064"/>
  <testcase classname="es.iam.check.analisisDespliegues.integracionChequeos.artefacto.ChequeoArchivosNoPermitidosEARIntegrationTest" name="detectarErrorExistenciaArchivoJS_JBOSS" time="0.084"/>
  <testcase classname="es.iam.check.analisisDespliegues.integracionChequeos.artefacto.ChequeoArchivosNoPermitidosEARIntegrationTest" name="detectarErrorExistenciaArchivoDESA_WAS85" time="0.088"/>
  <testcase classname="es.iam.check.analisisDespliegues.integracionChequeos.artefacto.ChequeoArchivosNoPermitidosEARIntegrationTest" name="detectarErrorExistenciaArchivoV1_JBOSS" time="0.071"/>
  <testcase classname="es.iam.check.analisisDespliegues.integracionChequeos.artefacto.ChequeoArchivosNoPermitidosEARIntegrationTest" name="detectarErrorExistenciaArchivoPRE_JBOSS" time="0.059"/>
  <testcase classname="es.iam.check.analisisDespliegues.integracionChequeos.artefacto.ChequeoArchivosNoPermitidosEARIntegrationTest" name="detectarErrorExistenciaArchivoHTML_WAS61" time="0.066"/>
  <testcase classname="es.iam.check.analisisDespliegues.integracionChequeos.artefacto.ChequeoArchivosNoPermitidosEARIntegrationTest" name="detectarErrorExistenciaDirectorioSVN_WAS61" time="0.057"/>
  <testcase classname="es.iam.check.analisisDespliegues.integracionChequeos.artefacto.ChequeoArchivosNoPermitidosEARIntegrationTest" name="detectarErrorExistenciaArchivoBACK_JBOSS" time="0.057"/>
  <testcase classname="es.iam.check.analisisDespliegues.integracionChequeos.artefacto.ChequeoArchivosNoPermitidosEARIntegrationTest" name="detectarErrorExistenciaArchivoThumbsdb_JBOSS" time="0.063"/>
  <testcase classname="es.iam.check.analisisDespliegues.integracionChequeos.artefacto.ChequeoArchivosNoPermitidosEARIntegrationTest" name="detectarErrorExistenciaArchivoIMG_WAS61" time="0.069"/>
  <testcase classname="es.iam.check.analisisDespliegues.integracionChequeos.artefacto.ChequeoArchivosNoPermitidosEARIntegrationTest" name="detectarErrorExistenciaArchivoDOC_WAS61" time="0.105"/>
  <testcase classname="es.iam.check.analisisDespliegues.integracionChequeos.artefacto.ChequeoArchivosNoPermitidosEARIntegrationTest" name="detectarErrorExistenciaArchivoBACK_WAS61" time="0.081"/>
  <testcase classname="es.iam.check.analisisDespliegues.integracionChequeos.artefacto.ChequeoArchivosNoPermitidosEARIntegrationTest" name="detectarErrorExistenciaArchivoOLD_WAS61" time="0.088"/>
  <testcase classname="es.iam.check.analisisDespliegues.integracionChequeos.artefacto.ChequeoArchivosNoPermitidosEARIntegrationTest" name="detectarErrorExistenciaArchivoPRE_WAS61" time="0.235"/>
  <testcase classname="es.iam.check.analisisDespliegues.integracionChequeos.artefacto.ChequeoArchivosNoPermitidosEARIntegrationTest" name="detectarErrorExistenciaDirectorioSVN_JBOSS" time="0.211"/>
  <testcase classname="es.iam.check.analisisDespliegues.integracionChequeos.artefacto.ChequeoArchivosNoPermitidosEARIntegrationTest" name="detectarErrorExistenciaArchivoIndexDo_JBOSS" time="0.111"/>
  <testcase classname="es.iam.check.analisisDespliegues.integracionChequeos.artefacto.ChequeoArchivosNoPermitidosEARIntegrationTest" name="detectarErrorExistenciaArchivoDesarollo_JBOSS" time="0.093"/>
  <testcase classname="es.iam.check.analisisDespliegues.integracionChequeos.artefacto.ChequeoArchivosNoPermitidosEARIntegrationTest" name="detectarErrorExistenciaArchivoDesarollo_WAS61" time="0.064"/>
  <testcase classname="es.iam.check.analisisDespliegues.integracionChequeos.artefacto.ChequeoArchivosNoPermitidosEARIntegrationTest" name="detectarErrorExistenciaArchivoJPG_WAS61" time="0.083"/>
  <testcase classname="es.iam.check.analisisDespliegues.integracionChequeos.artefacto.ChequeoArchivosNoPermitidosEARIntegrationTest" name="detectarErrorExistenciaDirectorioCVS_JBOSS" time="0.063"/>
  <testcase classname="es.iam.check.analisisDespliegues.integracionChequeos.artefacto.ChequeoArchivosNoPermitidosEARIntegrationTest" name="detectarErrorExistenciaArchivoV1_WAS61" time="0.07"/>
  <testcase classname="es.iam.check.analisisDespliegues.integracionChequeos.artefacto.ChequeoArchivosNoPermitidosEARIntegrationTest" name="detectarErrorExistenciaArchivoDESA_JBOSS" time="0.098"/>
  <testcase classname="es.iam.check.analisisDespliegues.integracionChequeos.artefacto.ChequeoArchivosNoPermitidosEARIntegrationTest" name="detectarErrorExistenciaArchivoJPEG_WAS61" time="0.09"/>
  <testcase classname="es.iam.check.analisisDespliegues.integracionChequeos.artefacto.ChequeoArchivosNoPermitidosEARIntegrationTest" name="detectarErrorExistenciaArchivoJS_WAS61" time="0.075"/>
  <testcase classname="es.iam.check.analisisDespliegues.integracionChequeos.artefacto.ChequeoArchivosNoPermitidosEARIntegrationTest" name="detectarErrorExistenciaArchivoPDF_WAS61" time="0.078"/>
  <testcase classname="es.iam.check.analisisDespliegues.integracionChequeos.artefacto.ChequeoArchivosNoPermitidosEARIntegrationTest" name="detectarErrorExistenciaArchivoThumbsdb_WAS61" time="0.077"/>
  <testcase classname="es.iam.check.analisisDespliegues.integracionChequeos.artefacto.ChequeoArchivosNoPermitidosEARIntegrationTest" name="detectarErrorExistenciaArchivoIndexDo_WAS61" time="0.072"/>
  <testcase classname="es.iam.check.analisisDespliegues.integracionChequeos.artefacto.ChequeoArchivosNoPermitidosEARIntegrationTest" name="detectarErrorExistenciaArchivoDESA_WAS61" time="0.063"/>
  <testcase classname="es.iam.check.analisisDespliegues.integracionChequeos.artefacto.ChequeoArchivosNoPermitidosEARIntegrationTest" name="detectarErrorExistenciaArchivoPRO_JBOSS" time="0.092"/>
  <testcase classname="es.iam.check.analisisDespliegues.integracionChequeos.artefacto.ChequeoArchivosNoPermitidosEARIntegrationTest" name="detectarErrorExistenciaArchivoGIF_WAS61" time="0.076"/>
  <testcase classname="es.iam.check.analisisDespliegues.integracionChequeos.artefacto.ChequeoArchivosNoPermitidosEARIntegrationTest" name="detectarErrorExistenciaArchivoCSS_WAS61" time="0.081"/>
  <testcase classname="es.iam.check.analisisDespliegues.integracionChequeos.artefacto.ChequeoArchivosNoPermitidosEARIntegrationTest" name="detectarErrorExistenciaArchivoBAK_WAS61" time="0.106"/>
  <testcase classname="es.iam.check.analisisDespliegues.integracionChequeos.artefacto.ChequeoArchivosNoPermitidosEARIntegrationTest" name="detectarErrorExistenciaDirectorioCVS_WAS61" time="0.082"/>
  <testcase classname="es.iam.check.analisisDespliegues.integracionChequeos.artefacto.ChequeoArchivosNoPermitidosEARIntegrationTest" name="detectarErrorExistenciaArchivoPRO_WAS61" time="0.062"/>
  <testcase classname="es.iam.check.analisisDespliegues.integracionChequeos.artefacto.ChequeoArchivosNoPermitidosEARIntegrationTest" name="detectarErrorExistenciaArchivoOLD_JBOSS" time="0.071"/>
  <testcase classname="es.iam.check.analisisDespliegues.integracionChequeos.artefacto.ChequeoArchivosNoPermitidosEARIntegrationTest" name="detectarErrorExistenciaArchivoHTM_WAS61" time="0.088"/>
  <testcase classname="es.iam.check.analisisDespliegues.integracionChequeos.artefacto.ChequeoArchivosNoPermitidosEARIntegrationTest" name="detectarErrorExistenciaArchivoPNG_WAS61" time="0.115"/>
  <testcase classname="es.iam.check.analisisDespliegues.integracionChequeos.artefacto.ChequeoArchivosNoPermitidosEARIntegrationTest" name="detectarErrorExistenciaArchivoJbossProperties_WAS85" time="0.089"/>
  <testcase classname="es.iam.check.analisisDespliegues.integracionChequeos.artefacto.ChequeoArchivosNoPermitidosEARIntegrationTest" name="detectarCualquierErrorExistenciaArchivoProperties_WAS85" time="0.097"/>
  <testcase classname="es.iam.check.analisisDespliegues.integracionChequeos.artefacto.ChequeoArchivosNoPermitidosEARIntegrationTest" name="detectarErrorExistenciaArchivoJbossProperties_JBOSS" time="0.069"/>
  <testcase classname="es.iam.check.analisisDespliegues.integracionChequeos.artefacto.ChequeoArchivosNoPermitidosEARIntegrationTest" name="detectarErrorExistenciaArchivoJbossProperties_WAS61" time="0.058"/>
</testsuite>