<?xml version="1.0" encoding="UTF-8" ?>
<testsuite tests="18" failures="0" name="es.iam.check.analisisDespliegues.integracionChequeos.artefacto.ChequeoEstructuraIntegrationTest" time="1.303" errors="0" skipped="0">
  <properties>
    <property name="java.runtime.name" value="Java(TM) SE Runtime Environment"/>
    <property name="sun.boot.library.path" value="C:\Program Files\Java\jdk1.8.0_144\jre\bin"/>
    <property name="java.vm.version" value="25.144-b01"/>
    <property name="java.vm.vendor" value="Oracle Corporation"/>
    <property name="maven.multiModuleProjectDirectory" value="C:\Program Files (x86)\Jenkins\workspace\Check_Maven"/>
    <property name="java.vendor.url" value="http://java.oracle.com/"/>
    <property name="path.separator" value=";"/>
    <property name="guice.disable.misplaced.annotation.check" value="true"/>
    <property name="java.vm.name" value="Java HotSpot(TM) 64-Bit Server VM"/>
    <property name="file.encoding.pkg" value="sun.io"/>
    <property name="user.script" value=""/>
    <property name="user.country" value="ES"/>
    <property name="sun.java.launcher" value="SUN_STANDARD"/>
    <property name="sun.os.patch.level" value=""/>
    <property name="java.vm.specification.name" value="Java Virtual Machine Specification"/>
    <property name="user.dir" value="C:\Program Files (x86)\Jenkins\workspace\Check_Maven"/>
    <property name="java.runtime.version" value="1.8.0_144-b01"/>
    <property name="java.awt.graphicsenv" value="sun.awt.Win32GraphicsEnvironment"/>
    <property name="java.endorsed.dirs" value="C:\Program Files\Java\jdk1.8.0_144\jre\lib\endorsed"/>
    <property name="os.arch" value="amd64"/>
    <property name="java.io.tmpdir" value="C:\Windows\TEMP\"/>
    <property name="line.separator" value="
"/>
    <property name="java.vm.specification.vendor" value="Oracle Corporation"/>
    <property name="user.variant" value=""/>
    <property name="os.name" value="Windows 10"/>
    <property name="classworlds.conf" value="C:\Software\apache-maven-3.5.0\bin\..\bin\m2.conf"/>
    <property name="sun.jnu.encoding" value="Cp1252"/>
    <property name="java.library.path" value="C:\Program Files\Java\jdk1.8.0_144\bin;C:\Windows\Sun\Java\bin;C:\Windows\system32;C:\Windows;C:\ProgramData\Oracle\Java\javapath;C:\Program Files (x86)\Intel\iCLS Client\;C:\Program Files\Intel\iCLS Client\;C:\Windows\system32;C:\Windows;C:\Windows\System32\Wbem;C:\Windows\System32\WindowsPowerShell\v1.0\;C:\Program Files (x86)\Intel\Intel(R) Management Engine Components\DAL;C:\Program Files\Intel\Intel(R) Management Engine Components\DAL;C:\Program Files (x86)\Intel\Intel(R) Management Engine Components\IPT;C:\Program Files\Intel\Intel(R) Management Engine Components\IPT;C:\Software\apache-maven-3.5.0\bin;C:\Program Files\Git\cmd;C:\Program Files\Git\mingw64\bin;C:\Program Files\Git\usr\bin;C:\Program Files\Java\jdk1.8.0_144\bin;C:\Program Files\Java\jre1.8.0_144\bin;C:\Windows\system32\config\systemprofile\AppData\Local\Microsoft\WindowsApps;."/>
    <property name="maven.conf" value="C:\Software\apache-maven-3.5.0\bin\../conf"/>
    <property name="java.specification.name" value="Java Platform API Specification"/>
    <property name="java.class.version" value="52.0"/>
    <property name="sun.management.compiler" value="HotSpot 64-Bit Tiered Compilers"/>
    <property name="os.version" value="10.0"/>
    <property name="library.jansi.path" value="C:\Software\apache-maven-3.5.0\bin\..\lib\jansi-native\windows64"/>
    <property name="user.home" value="C:\Windows\system32\config\systemprofile"/>
    <property name="user.timezone" value="Europe/Paris"/>
    <property name="java.awt.printerjob" value="sun.awt.windows.WPrinterJob"/>
    <property name="java.specification.version" value="1.8"/>
    <property name="file.encoding" value="Cp1252"/>
    <property name="user.name" value="ESBCN01LGL0F3G2$"/>
    <property name="java.class.path" value="C:\Software\apache-maven-3.5.0\bin\..\boot\plexus-classworlds-2.5.2.jar"/>
    <property name="java.vm.specification.version" value="1.8"/>
    <property name="sun.arch.data.model" value="64"/>
    <property name="java.home" value="C:\Program Files\Java\jdk1.8.0_144\jre"/>
    <property name="sun.java.command" value="org.codehaus.plexus.classworlds.launcher.Launcher clean install"/>
    <property name="java.specification.vendor" value="Oracle Corporation"/>
    <property name="user.language" value="es"/>
    <property name="awt.toolkit" value="sun.awt.windows.WToolkit"/>
    <property name="java.vm.info" value="mixed mode"/>
    <property name="java.version" value="1.8.0_144"/>
    <property name="java.ext.dirs" value="C:\Program Files\Java\jdk1.8.0_144\jre\lib\ext;C:\Windows\Sun\Java\lib\ext"/>
    <property name="sun.boot.class.path" value="C:\Program Files\Java\jdk1.8.0_144\jre\lib\resources.jar;C:\Program Files\Java\jdk1.8.0_144\jre\lib\rt.jar;C:\Program Files\Java\jdk1.8.0_144\jre\lib\sunrsasign.jar;C:\Program Files\Java\jdk1.8.0_144\jre\lib\jsse.jar;C:\Program Files\Java\jdk1.8.0_144\jre\lib\jce.jar;C:\Program Files\Java\jdk1.8.0_144\jre\lib\charsets.jar;C:\Program Files\Java\jdk1.8.0_144\jre\lib\jfr.jar;C:\Program Files\Java\jdk1.8.0_144\jre\classes"/>
    <property name="java.vendor" value="Oracle Corporation"/>
    <property name="maven.home" value="C:\Software\apache-maven-3.5.0\bin\.."/>
    <property name="file.separator" value="\"/>
    <property name="java.vendor.url.bug" value="http://bugreport.sun.com/bugreport/"/>
    <property name="sun.cpu.endian" value="little"/>
    <property name="sun.io.unicode.encoding" value="UnicodeLittle"/>
    <property name="sun.desktop" value="windows"/>
    <property name="sun.cpu.isalist" value="amd64"/>
  </properties>
  <testcase classname="es.iam.check.analisisDespliegues.integracionChequeos.artefacto.ChequeoEstructuraIntegrationTest" name="detectarErrorExistenciaIncorrectaMETAINFenEAR_JBOSS" time="0.088"/>
  <testcase classname="es.iam.check.analisisDespliegues.integracionChequeos.artefacto.ChequeoEstructuraIntegrationTest" name="detectarErrorExistenciaIncorrectaMETAINFenEAR_WAS61" time="0.059"/>
  <testcase classname="es.iam.check.analisisDespliegues.integracionChequeos.artefacto.ChequeoEstructuraIntegrationTest" name="detectarErrorExistenciaIncorrectaMETAINFenEAR_WAS85" time="0.114"/>
  <testcase classname="es.iam.check.analisisDespliegues.integracionChequeos.artefacto.ChequeoEstructuraIntegrationTest" name="detectarErrorNoExistenciaWEBINFLib_WAS85" time="0.084"/>
  <testcase classname="es.iam.check.analisisDespliegues.integracionChequeos.artefacto.ChequeoEstructuraIntegrationTest" name="detectarErrorNoExistenciaMETAINFenEAR_WAS61" time="0.05"/>
  <testcase classname="es.iam.check.analisisDespliegues.integracionChequeos.artefacto.ChequeoEstructuraIntegrationTest" name="detectarErrorExistenciaMETAINFIbmconfig_JBOSS" time="0.05"/>
  <testcase classname="es.iam.check.analisisDespliegues.integracionChequeos.artefacto.ChequeoEstructuraIntegrationTest" name="detectarErrorNoExistenciaWEBINFLib_JBOSS" time="0.057"/>
  <testcase classname="es.iam.check.analisisDespliegues.integracionChequeos.artefacto.ChequeoEstructuraIntegrationTest" name="detectarErrorNoExistenciaMETAINFenEAR_WAS85" time="0.096"/>
  <testcase classname="es.iam.check.analisisDespliegues.integracionChequeos.artefacto.ChequeoEstructuraIntegrationTest" name="detectarErrorExistenciaMETAINFIbmconfig_WAS85" time="0.063"/>
  <testcase classname="es.iam.check.analisisDespliegues.integracionChequeos.artefacto.ChequeoEstructuraIntegrationTest" name="detectarErrorNoExistenciaWEBINFClasses_WAS61" time="0.052"/>
  <testcase classname="es.iam.check.analisisDespliegues.integracionChequeos.artefacto.ChequeoEstructuraIntegrationTest" name="detectarErrorNoExistenciaWEBINFClasses_WAS85" time="0.052"/>
  <testcase classname="es.iam.check.analisisDespliegues.integracionChequeos.artefacto.ChequeoEstructuraIntegrationTest" name="detectarErrorExistenciaMETAINFIbmconfig_WAS61" time="0.089"/>
  <testcase classname="es.iam.check.analisisDespliegues.integracionChequeos.artefacto.ChequeoEstructuraIntegrationTest" name="detectarErrorNoExistenciaWEBINFClasses_JBOSS" time="0.074"/>
  <testcase classname="es.iam.check.analisisDespliegues.integracionChequeos.artefacto.ChequeoEstructuraIntegrationTest" name="detectarErrorNoExistenciaWEBINFLib_WAS61" time="0.077"/>
  <testcase classname="es.iam.check.analisisDespliegues.integracionChequeos.artefacto.ChequeoEstructuraIntegrationTest" name="detectarErrorNoExistenciaMETAINFenEAR_JBOSS" time="0.075"/>
  <testcase classname="es.iam.check.analisisDespliegues.integracionChequeos.artefacto.ChequeoEstructuraIntegrationTest" name="estructuraOK_JBOSS" time="0.077"/>
  <testcase classname="es.iam.check.analisisDespliegues.integracionChequeos.artefacto.ChequeoEstructuraIntegrationTest" name="estructuraOK_WAS85" time="0.084"/>
  <testcase classname="es.iam.check.analisisDespliegues.integracionChequeos.artefacto.ChequeoEstructuraIntegrationTest" name="estructuraOK_WAS61" time="0.062"/>
</testsuite>